2020-09-28 06:13:10 +0000  Initial pipeline context: <IDEDistributionProcessingPipelineContext: 0x7fec0a5138b0; archive(resolved)='<IDEArchive: 0x7febfecb6200>', distributionTask(resolved)='2', distributionDestination(resolved)='2', distributionMethod(resolved)='<IDEDistributionMethodiOSAppStoreDistribution: 0x7fec06d84d40>', team(resolved)='<IDEProvisioningDisambiguatableBasicTeam: 0x7fec0274e900; teamID='8V72THF3KT', teamName='Department of Information Technology, Himachal Pradesh', teamType='Company', username='himachal.dit@gmail.com', isFreeProvisioningTeam='0'>'>
	Chain (13, self inclusive):
	<IDEDistributionProcessingPipelineContext: 0x7fec0a5138b0; archive = '<IDEArchive: 0x7febfecb6200>', distributionMethod='<IDEDistributionMethodiOSAppStoreDistribution: 0x7fec06d84d40>', team='<IDEProvisioningDisambiguatableBasicTeam: 0x7fec0274e900; teamID='8V72THF3KT', teamName='Department of Information Technology, Himachal Pradesh', teamType='Company', username='himachal.dit@gmail.com', isFreeProvisioningTeam='0'>'>
	<IDEDistributionProcessingPipelineContext: 0x7fec0a53b740; archive = '<IDEArchive: 0x7febfecb6200>', distributionMethod='<IDEDistributionMethodiOSAppStoreDistribution: 0x7fec06d84d40>', team='<IDEProvisioningDisambiguatableBasicTeam: 0x7fec0274e900; teamID='8V72THF3KT', teamName='Department of Information Technology, Himachal Pradesh', teamType='Company', username='himachal.dit@gmail.com', isFreeProvisioningTeam='0'>'>
	<IDEDistributionContext: 0x7fec0ba99860; archive = '<IDEArchive: 0x7febfecb6200>', distributionMethod='<IDEDistributionMethodiOSAppStoreDistribution: 0x7fec06d84d40>', team='<IDEProvisioningDisambiguatableBasicTeam: 0x7fec0274e900; teamID='8V72THF3KT', teamName='Department of Information Technology, Himachal Pradesh', teamType='Company', username='himachal.dit@gmail.com', isFreeProvisioningTeam='0'>'>
	<IDEDistributionContext: 0x7fec05bd2ed0; archive = '<IDEArchive: 0x7febfecb6200>', distributionMethod='<IDEDistributionMethodiOSAppStoreDistribution: 0x7fec06d84d40>', team='<IDEProvisioningDisambiguatableBasicTeam: 0x7fec0274e900; teamID='8V72THF3KT', teamName='Department of Information Technology, Himachal Pradesh', teamType='Company', username='himachal.dit@gmail.com', isFreeProvisioningTeam='0'>'>
	<IDEDistributionContext: 0x7fec0a56ddb0; archive = '<IDEArchive: 0x7febfecb6200>', distributionMethod='<IDEDistributionMethodiOSAppStoreDistribution: 0x7fec06d84d40>', team='<IDEProvisioningDisambiguatableBasicTeam: 0x7fec0274e900; teamID='8V72THF3KT', teamName='Department of Information Technology, Himachal Pradesh', teamType='Company', username='himachal.dit@gmail.com', isFreeProvisioningTeam='0'>'>
	<IDEDistributionContext: 0x7fec09fd2c80; archive = '<IDEArchive: 0x7febfecb6200>', distributionMethod='<IDEDistributionMethodiOSAppStoreDistribution: 0x7fec06d84d40>', team='<IDEProvisioningDisambiguatableBasicTeam: 0x7fec0274e900; teamID='8V72THF3KT', teamName='Department of Information Technology, Himachal Pradesh', teamType='Company', username='himachal.dit@gmail.com', isFreeProvisioningTeam='0'>'>
	<IDEDistributionContext: 0x7fec0702b9f0; archive = '<IDEArchive: 0x7febfecb6200>', distributionMethod='<IDEDistributionMethodiOSAppStoreDistribution: 0x7fec06d84d40>', team='<IDEProvisioningDisambiguatableBasicTeam: 0x7fec0274e900; teamID='8V72THF3KT', teamName='Department of Information Technology, Himachal Pradesh', teamType='Company', username='himachal.dit@gmail.com', isFreeProvisioningTeam='0'>'>
	<IDEDistributionContext: 0x7fec05b39af0; archive = '<IDEArchive: 0x7febfecb6200>', distributionMethod='<IDEDistributionMethodiOSAppStoreDistribution: 0x7fec06d84d40>', team='<IDEProvisioningDisambiguatableBasicTeam: 0x7fec0274e900; teamID='8V72THF3KT', teamName='Department of Information Technology, Himachal Pradesh', teamType='Company', username='himachal.dit@gmail.com', isFreeProvisioningTeam='0'>'>
	<IDEDistributionContext: 0x7fec05b40e60; archive = '<IDEArchive: 0x7febfecb6200>', distributionMethod='<IDEDistributionMethodiOSAppStoreDistribution: 0x7fec06d84d40>', team='<IDEProvisioningDisambiguatableBasicTeam: 0x7fec0274e900; teamID='8V72THF3KT', teamName='Department of Information Technology, Himachal Pradesh', teamType='Company', username='himachal.dit@gmail.com', isFreeProvisioningTeam='0'>'>
	<IDEDistributionContext: 0x7fec02706d40; archive = '<IDEArchive: 0x7febfecb6200>', distributionMethod='<IDEDistributionMethodiOSAppStoreDistribution: 0x7fec06d84d40>', team='<IDEProvisioningDisambiguatableBasicTeam: 0x7fec0274e900; teamID='8V72THF3KT', teamName='Department of Information Technology, Himachal Pradesh', teamType='Company', username='himachal.dit@gmail.com', isFreeProvisioningTeam='0'>'>
	<IDEDistributionContext: 0x7fec02742710; archive = '<IDEArchive: 0x7febfecb6200>', distributionMethod='<IDEDistributionMethodiOSAppStoreDistribution: 0x7fec06d84d40>', team='(null)'>
	<IDEDistributionContext: 0x7fec06849ca0; archive = '<IDEArchive: 0x7febfecb6200>', distributionMethod='<IDEDistributionMethodiOSAppStoreDistribution: 0x7fec06d84d40>', team='(null)'>
	<IDEDistributionContext: 0x7fec09fd4320; archive = '<IDEArchive: 0x7febfecb6200>', distributionMethod='(null)', team='(null)'>
</IDEDistributionProcessingPipelineContext: 0x7fec0a5138b0>
2020-09-28 06:13:10 +0000  Processing step: IDEDistributionCreateDestRootStep
2020-09-28 06:13:10 +0000  Processing step: IDEDistributionCopyItemStep
2020-09-28 06:13:10 +0000  Running /usr/bin/ditto '-V' '/Users/hp-dit/Library/Developer/Xcode/Archives/2020-09-28/eCabinet1.0 9-28-20, 11.42 AM.xcarchive/Products/Applications/eCabinet1.0.app' '/var/folders/kw/j86k95gx5md3ydg72x_7jj640000gn/T/XcodeDistPipeline.~~~7oYEfe/Root/Payload/eCabinet1.0.app'
2020-09-28 06:13:10 +0000  >>> Copying /Users/hp-dit/Library/Developer/Xcode/Archives/2020-09-28/eCabinet1.0 9-28-20, 11.42 AM.xcarchive/Products/Applications/eCabinet1.0.app 
2020-09-28 06:13:10 +0000  copying file ./CustomTableViewCell.nib ... 
2020-09-28 06:13:10 +0000  5979 bytes for ./CustomTableViewCell.nib
2020-09-28 06:13:10 +0000  copying file ./_CodeSignature/CodeResources ... 
12817 bytes for ./_CodeSignature/CodeResources
copying file ./CabinetMemoDetailsStoryBoard.storyboardc/CabinetMemoDetailsController.nib ... 
1051 bytes for ./CabinetMemoDetailsStoryBoard.storyboardc/CabinetMemoDetailsController.nib
copying file ./CabinetMemoDetailsStoryBoard.storyboardc/cKv-Rk-Vew-view-cHC-61-RVR.nib ... 
2020-09-28 06:13:10 +0000  19008 bytes for ./CabinetMemoDetailsStoryBoard.storyboardc/cKv-Rk-Vew-view-cHC-61-RVR.nib
2020-09-28 06:13:10 +0000  copying file ./CabinetMemoDetailsStoryBoard.storyboardc/Info.plist ... 
181 bytes for ./CabinetMemoDetailsStoryBoard.storyboardc/Info.plist
copying file ./AttachmentTableViewCell.nib ... 
2020-09-28 06:13:10 +0000  5924 bytes for ./AttachmentTableViewCell.nib
2020-09-28 06:13:10 +0000  copying file ./CabinetHistory.storyboardc/M0U-r6-2vl-view-k9Y-GX-d36.nib ... 
2020-09-28 06:13:10 +0000  6074 bytes for ./CabinetHistory.storyboardc/M0U-r6-2vl-view-k9Y-GX-d36.nib
2020-09-28 06:13:10 +0000  copying file ./CabinetHistory.storyboardc/CabinetHistoryController.nib ... 
1043 bytes for ./CabinetHistory.storyboardc/CabinetHistoryController.nib
copying file ./CabinetHistory.storyboardc/Info.plist ... 
173 bytes for ./CabinetHistory.storyboardc/Info.plist
copying file ./eCabinet1.0 ... 
2020-09-28 06:13:10 +0000  8506800 bytes for ./eCabinet1.0
2020-09-28 06:13:10 +0000  copying file ./DownloadAlert.storyboardc/zLG-ZZ-tB4-view-Bv1-ci-Ps5.nib ... 
2020-09-28 06:13:10 +0000  6384 bytes for ./DownloadAlert.storyboardc/zLG-ZZ-tB4-view-Bv1-ci-Ps5.nib
2020-09-28 06:13:10 +0000  copying file ./DownloadAlert.storyboardc/AlertDownload.nib ... 
1075 bytes for ./DownloadAlert.storyboardc/AlertDownload.nib
copying file ./DownloadAlert.storyboardc/Info.plist ... 
147 bytes for ./DownloadAlert.storyboardc/Info.plist
copying file ./Main.storyboardc/MainViewController.nib ... 
1031 bytes for ./Main.storyboardc/MainViewController.nib
copying file ./Main.storyboardc/jvS-lB-Cmk-view-CJl-72-aG0.nib ... 
2020-09-28 06:13:10 +0000  12325 bytes for ./Main.storyboardc/jvS-lB-Cmk-view-CJl-72-aG0.nib
2020-09-28 06:13:10 +0000  copying file ./Main.storyboardc/BYZ-38-t0r-view-8bC-Xf-vdC.nib ... 
2020-09-28 06:13:10 +0000  2631 bytes for ./Main.storyboardc/BYZ-38-t0r-view-8bC-Xf-vdC.nib
2020-09-28 06:13:10 +0000  copying file ./Main.storyboardc/SplashViewController.nib ... 
2020-09-28 06:13:10 +0000  996 bytes for ./Main.storyboardc/SplashViewController.nib
2020-09-28 06:13:10 +0000  copying file ./Main.storyboardc/Info.plist ... 
259 bytes for ./Main.storyboardc/Info.plist
copying file ./Assets.car ... 
2020-09-28 06:13:10 +0000  43407 bytes for ./Assets.car
2020-09-28 06:13:10 +0000  copying file ./CabinetMemosStoryBoard.storyboardc/CabinetMemosController.nib ... 
1039 bytes for ./CabinetMemosStoryBoard.storyboardc/CabinetMemosController.nib
copying file ./CabinetMemosStoryBoard.storyboardc/1C8-93-eru-view-8Rm-la-v6Y.nib ... 
2020-09-28 06:13:10 +0000  6313 bytes for ./CabinetMemosStoryBoard.storyboardc/1C8-93-eru-view-8Rm-la-v6Y.nib
2020-09-28 06:13:10 +0000  copying file ./CabinetMemosStoryBoard.storyboardc/Info.plist ... 
169 bytes for ./CabinetMemosStoryBoard.storyboardc/Info.plist
copying file ./CabinetDecision.storyboardc/CabinetDesicionViewController.nib ... 
1053 bytes for ./CabinetDecision.storyboardc/CabinetDesicionViewController.nib
copying file ./CabinetDecision.storyboardc/zoK-so-Hyr-view-ZKS-d0-pXx.nib ... 
2020-09-28 06:13:10 +0000  6275 bytes for ./CabinetDecision.storyboardc/zoK-so-Hyr-view-ZKS-d0-pXx.nib
2020-09-28 06:13:10 +0000  copying file ./CabinetDecision.storyboardc/Info.plist ... 
183 bytes for ./CabinetDecision.storyboardc/Info.plist
copying file ./LaunchScreen.storyboardc/01J-lp-oVM-view-Ze5-6b-2t3.nib ... 
2020-09-28 06:13:10 +0000  6445 bytes for ./LaunchScreen.storyboardc/01J-lp-oVM-view-Ze5-6b-2t3.nib
2020-09-28 06:13:10 +0000  copying file ./LaunchScreen.storyboardc/UIViewController-01J-lp-oVM.nib ... 
896 bytes for ./LaunchScreen.storyboardc/UIViewController-01J-lp-oVM.nib
copying file ./LaunchScreen.storyboardc/Info.plist ... 
258 bytes for ./LaunchScreen.storyboardc/Info.plist
copying file ./AlertStoryboard.storyboardc/mts-a1-BwX-view-h7q-OF-1Qd.nib ... 
2020-09-28 06:13:10 +0000  5362 bytes for ./AlertStoryboard.storyboardc/mts-a1-BwX-view-h7q-OF-1Qd.nib
2020-09-28 06:13:10 +0000  copying file ./AlertStoryboard.storyboardc/AlertVC.nib ... 
1075 bytes for ./AlertStoryboard.storyboardc/AlertVC.nib
copying file ./AlertStoryboard.storyboardc/Info.plist ... 
183 bytes for ./AlertStoryboard.storyboardc/Info.plist
copying file ./CustomCabinetDecisionTableCell.nib ... 
2020-09-28 06:13:10 +0000  5671 bytes for ./CustomCabinetDecisionTableCell.nib
2020-09-28 06:13:10 +0000  copying file ./MemoAttachments.storyboardc/ilY-Fp-NME-view-aY0-Bt-3XM.nib ... 
2020-09-28 06:13:10 +0000  6081 bytes for ./MemoAttachments.storyboardc/ilY-Fp-NME-view-aY0-Bt-3XM.nib
2020-09-28 06:13:10 +0000  copying file ./MemoAttachments.storyboardc/MemoAttachmentsController.nib ... 
2020-09-28 06:13:10 +0000  1045 bytes for ./MemoAttachments.storyboardc/MemoAttachmentsController.nib
2020-09-28 06:13:10 +0000  copying file ./MemoAttachments.storyboardc/Info.plist ... 
2020-09-28 06:13:10 +0000  175 bytes for ./MemoAttachments.storyboardc/Info.plist
2020-09-28 06:13:10 +0000  copying file ./embedded.mobileprovision ... 
2020-09-28 06:13:10 +0000  15620 bytes for ./embedded.mobileprovision
2020-09-28 06:13:10 +0000  copying file ./CollectionViewCell.nib ... 
2020-09-28 06:13:10 +0000  5130 bytes for ./CollectionViewCell.nib
2020-09-28 06:13:10 +0000  copying file ./Poppins-SemiBold.ttf ... 
2020-09-28 06:13:10 +0000  155192 bytes for ./Poppins-SemiBold.ttf
2020-09-28 06:13:10 +0000  copying file ./Info.plist ... 
1204 bytes for ./Info.plist
copying file ./PkgInfo ... 
8 bytes for ./PkgInfo
copying file ./Login.storyboardc/nzB-o6-5jC-view-Jjh-hx-0L5.nib ... 
2020-09-28 06:13:10 +0000  8640 bytes for ./Login.storyboardc/nzB-o6-5jC-view-Jjh-hx-0L5.nib
2020-09-28 06:13:10 +0000  copying file ./Login.storyboardc/LoginViewController.nib ... 
1033 bytes for ./Login.storyboardc/LoginViewController.nib
copying file ./Login.storyboardc/Info.plist ... 
2020-09-28 06:13:10 +0000  163 bytes for ./Login.storyboardc/Info.plist
2020-09-28 06:13:10 +0000  copying file ./CabinetHistoryTableViewCell.nib ... 
2020-09-28 06:13:10 +0000  5931 bytes for ./CabinetHistoryTableViewCell.nib
2020-09-28 06:13:10 +0000  /usr/bin/ditto exited with 0
2020-09-28 06:13:10 +0000  Processing step: IDEDistributionEmbedProfileStep
2020-09-28 06:13:10 +0000  Processing step: IDEDistributionInfoPlistStep
2020-09-28 06:13:10 +0000  Skipping step: IDEDistributionInfoPlistStep because it said so
2020-09-28 06:13:10 +0000  Processing step: IDEDistributionItemRemovalStep
2020-09-28 06:13:10 +0000  Processing step: IDEDistributionAppThinningPlistStep
2020-09-28 06:13:10 +0000  Skipping step: IDEDistributionAppThinningPlistStep because it said so
2020-09-28 06:13:10 +0000  Processing step: IDEDistributionCompileBitcodeStep
2020-09-28 06:13:10 +0000  Skipping step: IDEDistributionCompileBitcodeStep because it said so
2020-09-28 06:13:10 +0000  Processing step: IDEDistributionCodeSlimmingStep
2020-09-28 06:13:10 +0000  Processing step: IDEDistributionCopyBCSymbolMapsStep
2020-09-28 06:13:10 +0000  Running /usr/bin/ditto '-V' '/Users/hp-dit/Library/Developer/Xcode/Archives/2020-09-28/eCabinet1.0 9-28-20, 11.42 AM.xcarchive/BCSymbolMaps/C331269E-389B-31D8-B7D9-138D6D54BC1D.bcsymbolmap' '/var/folders/kw/j86k95gx5md3ydg72x_7jj640000gn/T/XcodeDistPipeline.~~~7oYEfe/Root/BCSymbolMaps/C331269E-389B-31D8-B7D9-138D6D54BC1D.bcsymbolmap'
2020-09-28 06:13:10 +0000  >>> Copying /Users/hp-dit/Library/Developer/Xcode/Archives/2020-09-28/eCabinet1.0 9-28-20, 11.42 AM.xcarchive/BCSymbolMaps/C331269E-389B-31D8-B7D9-138D6D54BC1D.bcsymbolmap 
2020-09-28 06:13:10 +0000  copying file ./C331269E-389B-31D8-B7D9-138D6D54BC1D.bcsymbolmap ... 
2020-09-28 06:13:10 +0000  551755 bytes for ./C331269E-389B-31D8-B7D9-138D6D54BC1D.bcsymbolmap
2020-09-28 06:13:10 +0000  /usr/bin/ditto exited with 0
2020-09-28 06:13:10 +0000  Processing step: IDEDistributionSymbolsStep
2020-09-28 06:13:10 +0000  Excluding symbols for eCabinet1.0.app
2020-09-28 06:13:10 +0000  Processing step: IDEDistributionCopyAppleProvidedContentStep
2020-09-28 06:13:10 +0000  Processing step: IDEDistributionAppThinningStep
2020-09-28 06:13:10 +0000  Skipping step: IDEDistributionAppThinningStep because it said so
2020-09-28 06:13:10 +0000  Processing step: IDEDistributionArchThinningStep
2020-09-28 06:13:10 +0000  Running /Applications/Xcode.app/Contents/Developer/Toolchains/XcodeDefault.xctoolchain/usr/bin/lipo '/var/folders/kw/j86k95gx5md3ydg72x_7jj640000gn/T/XcodeDistPipeline.~~~7oYEfe/Root/Payload/eCabinet1.0.app/eCabinet1.0' '-verify_arch' 'arm64e'
2020-09-28 06:13:10 +0000  /Applications/Xcode.app/Contents/Developer/Toolchains/XcodeDefault.xctoolchain/usr/bin/lipo exited with 1
2020-09-28 06:13:10 +0000  Skipping architecture thinning for item "eCabinet1.0" because arch "arm64e" wasn't found
2020-09-28 06:13:10 +0000  Processing step: IDEDistributionODRStep
2020-09-28 06:13:10 +0000  Processing step: IDEDistributionStripXattrsStep
2020-09-28 06:13:10 +0000  Running /usr/bin/xattr '-crs' '/var/folders/kw/j86k95gx5md3ydg72x_7jj640000gn/T/XcodeDistPipeline.~~~7oYEfe/Root/Payload/eCabinet1.0.app'
2020-09-28 06:13:11 +0000  /usr/bin/xattr exited with 0
2020-09-28 06:13:11 +0000  Processing step: IDEDistributionCodesignStep
2020-09-28 06:13:11 +0000  Entitlements for <IDEDistributionItem: 0x7fec0b72cbc0; bundleID='com.hp.ecabinet', path='<DVTFilePath:0x7fec070bf740:'/Users/hp-dit/Library/Developer/Xcode/Archives/2020-09-28/eCabinet1.0 9-28-20, 11.42 AM.xcarchive/Products/Applications/eCabinet1.0.app'>', codeSigningInfo='<_DVTCodeSigningInformation_Path: 0x7fec0a50ecb0; isSigned='1', isAdHocSigned='0', signingCertificate='<DVTSigningCertificate: 0x7fec0a55b8b0; name='Apple Development: Vikas Chadha (PVYT96899M)', hash='4FA59043E95522CAAE9F753F438514CAD64B2588', serialNumber='0CFD700A241613F1', certificateKinds='(
    "1.2.840.113635.100.6.1.12",
    "1.2.840.113635.100.6.1.2"
), issueDate='2020-09-28 05:38:19 +0000''>', entitlements='{
    "application-identifier" = "8V72THF3KT.com.hp.ecabinet";
    "com.apple.developer.team-identifier" = 8V72THF3KT;
    "get-task-allow" = 1;
    "keychain-access-groups" =     (
        "8V72THF3KT.com.hp.ecabinet"
    );
}', teamID='8V72THF3KT', identifier='com.hp.ecabinet', executablePath='<DVTFilePath:0x7fec0a560110:'/Users/hp-dit/Library/Developer/Xcode/Archives/2020-09-28/eCabinet1.0 9-28-20, 11.42 AM.xcarchive/Products/Applications/eCabinet1.0.app/eCabinet1.0'>', hardenedRuntime='0'>'>: {
    "application-identifier" = "8V72THF3KT.com.hp.ecabinet";
    "beta-reports-active" = 1;
    "com.apple.developer.team-identifier" = 8V72THF3KT;
    "get-task-allow" = 0;
    "keychain-access-groups" =     (
        "8V72THF3KT.com.hp.ecabinet"
    );
}
2020-09-28 06:13:11 +0000  Writing entitlements for <IDEDistributionItem: 0x7fec0b72cbc0; bundleID='com.hp.ecabinet', path='<DVTFilePath:0x7fec070bf740:'/Users/hp-dit/Library/Developer/Xcode/Archives/2020-09-28/eCabinet1.0 9-28-20, 11.42 AM.xcarchive/Products/Applications/eCabinet1.0.app'>', codeSigningInfo='<_DVTCodeSigningInformation_Path: 0x7fec0a50ecb0; isSigned='1', isAdHocSigned='0', signingCertificate='<DVTSigningCertificate: 0x7fec0ba9b260; name='Apple Development: Vikas Chadha (PVYT96899M)', hash='4FA59043E95522CAAE9F753F438514CAD64B2588', serialNumber='0CFD700A241613F1', certificateKinds='(
    "1.2.840.113635.100.6.1.12",
    "1.2.840.113635.100.6.1.2"
), issueDate='2020-09-28 05:38:19 +0000''>', entitlements='{
    "application-identifier" = "8V72THF3KT.com.hp.ecabinet";
    "com.apple.developer.team-identifier" = 8V72THF3KT;
    "get-task-allow" = 1;
    "keychain-access-groups" =     (
        "8V72THF3KT.com.hp.ecabinet"
    );
}', teamID='8V72THF3KT', identifier='com.hp.ecabinet', executablePath='<DVTFilePath:0x7fec0a560110:'/Users/hp-dit/Library/Developer/Xcode/Archives/2020-09-28/eCabinet1.0 9-28-20, 11.42 AM.xcarchive/Products/Applications/eCabinet1.0.app/eCabinet1.0'>', hardenedRuntime='0'>'> to: /var/folders/kw/j86k95gx5md3ydg72x_7jj640000gn/T/XcodeDistPipeline.~~~7oYEfe/entitlements~~~I9pVzQ
2020-09-28 06:13:11 +0000  Running /usr/bin/codesign '-vvv' '--force' '--sign' 'D7904DBD3927BBF126F7DAA2426F96ED5CB0B494' '--entitlements' '/var/folders/kw/j86k95gx5md3ydg72x_7jj640000gn/T/XcodeDistPipeline.~~~7oYEfe/entitlements~~~I9pVzQ' '--preserve-metadata=identifier,flags,runtime' '/var/folders/kw/j86k95gx5md3ydg72x_7jj640000gn/T/XcodeDistPipeline.~~~7oYEfe/Root/Payload/eCabinet1.0.app'
2020-09-28 06:13:12 +0000  /var/folders/kw/j86k95gx5md3ydg72x_7jj640000gn/T/XcodeDistPipeline.~~~7oYEfe/Root/Payload/eCabinet1.0.app: signed app bundle with Mach-O thin (arm64) [com.hp.ecabinet]
2020-09-28 06:13:12 +0000  /usr/bin/codesign exited with 0
2020-09-28 06:13:12 +0000  Processing step: IDEDistributionZipODRItemStep
2020-09-28 06:13:12 +0000  Skipping step: IDEDistributionZipODRItemStep because it said so
2020-09-28 06:13:12 +0000  Processing step: IDEDistributionCreateIPAStep
2020-09-28 06:13:12 +0000  Running /usr/bin/ditto '-V' '-c' '-k' '--norsrc' '/var/folders/kw/j86k95gx5md3ydg72x_7jj640000gn/T/XcodeDistPipeline.~~~7oYEfe/Root' '/var/folders/kw/j86k95gx5md3ydg72x_7jj640000gn/T/XcodeDistPipeline.~~~7oYEfe/Packages/eCabinet1.0.ipa'
2020-09-28 06:13:12 +0000  >>> Copying /var/folders/kw/j86k95gx5md3ydg72x_7jj640000gn/T/XcodeDistPipeline.~~~7oYEfe/Root 
2020-09-28 06:13:12 +0000  copying file ./BCSymbolMaps/C331269E-389B-31D8-B7D9-138D6D54BC1D.bcsymbolmap ... 
2020-09-28 06:13:12 +0000  551755 bytes for ./BCSymbolMaps/C331269E-389B-31D8-B7D9-138D6D54BC1D.bcsymbolmap
2020-09-28 06:13:12 +0000  copying file ./Payload/eCabinet1.0.app/CustomTableViewCell.nib ... 
5979 bytes for ./Payload/eCabinet1.0.app/CustomTableViewCell.nib
copying file ./Payload/eCabinet1.0.app/_CodeSignature/CodeResources ... 
12817 bytes for ./Payload/eCabinet1.0.app/_CodeSignature/CodeResources
copying file ./Payload/eCabinet1.0.app/CabinetMemoDetailsStoryBoard.storyboardc/CabinetMemoDetailsController.nib ... 
1051 bytes for ./Payload/eCabinet1.0.app/CabinetMemoDetailsStoryBoard.storyboardc/CabinetMemoDetailsController.nib
copying file ./Payload/eCabinet1.0.app/CabinetMemoDetailsStoryBoard.storyboardc/cKv-Rk-Vew-view-cHC-61-RVR.nib ... 
2020-09-28 06:13:12 +0000  19008 bytes for ./Payload/eCabinet1.0.app/CabinetMemoDetailsStoryBoard.storyboardc/cKv-Rk-Vew-view-cHC-61-RVR.nib
copying file ./Payload/eCabinet1.0.app/CabinetMemoDetailsStoryBoard.storyboardc/Info.plist ... 
2020-09-28 06:13:12 +0000  181 bytes for ./Payload/eCabinet1.0.app/CabinetMemoDetailsStoryBoard.storyboardc/Info.plist
2020-09-28 06:13:12 +0000  copying file ./Payload/eCabinet1.0.app/AttachmentTableViewCell.nib ... 
2020-09-28 06:13:12 +0000  5924 bytes for ./Payload/eCabinet1.0.app/AttachmentTableViewCell.nib
2020-09-28 06:13:12 +0000  copying file ./Payload/eCabinet1.0.app/CabinetHistory.storyboardc/M0U-r6-2vl-view-k9Y-GX-d36.nib ... 
2020-09-28 06:13:12 +0000  6074 bytes for ./Payload/eCabinet1.0.app/CabinetHistory.storyboardc/M0U-r6-2vl-view-k9Y-GX-d36.nib
2020-09-28 06:13:12 +0000  copying file ./Payload/eCabinet1.0.app/CabinetHistory.storyboardc/CabinetHistoryController.nib ... 
1043 bytes for ./Payload/eCabinet1.0.app/CabinetHistory.storyboardc/CabinetHistoryController.nib
copying file ./Payload/eCabinet1.0.app/CabinetHistory.storyboardc/Info.plist ... 
173 bytes for ./Payload/eCabinet1.0.app/CabinetHistory.storyboardc/Info.plist
copying file ./Payload/eCabinet1.0.app/eCabinet1.0 ... 
2020-09-28 06:13:12 +0000  7093088 bytes for ./Payload/eCabinet1.0.app/eCabinet1.0
2020-09-28 06:13:12 +0000  copying file ./Payload/eCabinet1.0.app/DownloadAlert.storyboardc/zLG-ZZ-tB4-view-Bv1-ci-Ps5.nib ... 
6384 bytes for ./Payload/eCabinet1.0.app/DownloadAlert.storyboardc/zLG-ZZ-tB4-view-Bv1-ci-Ps5.nib
copying file ./Payload/eCabinet1.0.app/DownloadAlert.storyboardc/AlertDownload.nib ... 
1075 bytes for ./Payload/eCabinet1.0.app/DownloadAlert.storyboardc/AlertDownload.nib
copying file ./Payload/eCabinet1.0.app/DownloadAlert.storyboardc/Info.plist ... 
147 bytes for ./Payload/eCabinet1.0.app/DownloadAlert.storyboardc/Info.plist
copying file ./Payload/eCabinet1.0.app/Main.storyboardc/MainViewController.nib ... 
1031 bytes for ./Payload/eCabinet1.0.app/Main.storyboardc/MainViewController.nib
copying file ./Payload/eCabinet1.0.app/Main.storyboardc/jvS-lB-Cmk-view-CJl-72-aG0.nib ... 
2020-09-28 06:13:12 +0000  12325 bytes for ./Payload/eCabinet1.0.app/Main.storyboardc/jvS-lB-Cmk-view-CJl-72-aG0.nib
copying file ./Payload/eCabinet1.0.app/Main.storyboardc/BYZ-38-t0r-view-8bC-Xf-vdC.nib ... 
2020-09-28 06:13:12 +0000  2631 bytes for ./Payload/eCabinet1.0.app/Main.storyboardc/BYZ-38-t0r-view-8bC-Xf-vdC.nib
copying file ./Payload/eCabinet1.0.app/Main.storyboardc/SplashViewController.nib ... 
996 bytes for ./Payload/eCabinet1.0.app/Main.storyboardc/SplashViewController.nib
copying file ./Payload/eCabinet1.0.app/Main.storyboardc/Info.plist ... 
259 bytes for ./Payload/eCabinet1.0.app/Main.storyboardc/Info.plist
copying file ./Payload/eCabinet1.0.app/Assets.car ... 
43407 bytes for ./Payload/eCabinet1.0.app/Assets.car
copying file ./Payload/eCabinet1.0.app/CabinetMemosStoryBoard.storyboardc/CabinetMemosController.nib ... 
1039 bytes for ./Payload/eCabinet1.0.app/CabinetMemosStoryBoard.storyboardc/CabinetMemosController.nib
copying file ./Payload/eCabinet1.0.app/CabinetMemosStoryBoard.storyboardc/1C8-93-eru-view-8Rm-la-v6Y.nib ... 
6313 bytes for ./Payload/eCabinet1.0.app/CabinetMemosStoryBoard.storyboardc/1C8-93-eru-view-8Rm-la-v6Y.nib
copying file ./Payload/eCabinet1.0.app/CabinetMemosStoryBoard.storyboardc/Info.plist ... 
169 bytes for ./Payload/eCabinet1.0.app/CabinetMemosStoryBoard.storyboardc/Info.plist
copying file ./Payload/eCabinet1.0.app/CabinetDecision.storyboardc/CabinetDesicionViewController.nib ... 
2020-09-28 06:13:12 +0000  1053 bytes for ./Payload/eCabinet1.0.app/CabinetDecision.storyboardc/CabinetDesicionViewController.nib
2020-09-28 06:13:12 +0000  copying file ./Payload/eCabinet1.0.app/CabinetDecision.storyboardc/zoK-so-Hyr-view-ZKS-d0-pXx.nib ... 
2020-09-28 06:13:12 +0000  6275 bytes for ./Payload/eCabinet1.0.app/CabinetDecision.storyboardc/zoK-so-Hyr-view-ZKS-d0-pXx.nib
2020-09-28 06:13:12 +0000  copying file ./Payload/eCabinet1.0.app/CabinetDecision.storyboardc/Info.plist ... 
183 bytes for ./Payload/eCabinet1.0.app/CabinetDecision.storyboardc/Info.plist
2020-09-28 06:13:12 +0000  copying file ./Payload/eCabinet1.0.app/LaunchScreen.storyboardc/01J-lp-oVM-view-Ze5-6b-2t3.nib ... 
2020-09-28 06:13:12 +0000  6445 bytes for ./Payload/eCabinet1.0.app/LaunchScreen.storyboardc/01J-lp-oVM-view-Ze5-6b-2t3.nib
copying file ./Payload/eCabinet1.0.app/LaunchScreen.storyboardc/UIViewController-01J-lp-oVM.nib ... 
2020-09-28 06:13:12 +0000  896 bytes for ./Payload/eCabinet1.0.app/LaunchScreen.storyboardc/UIViewController-01J-lp-oVM.nib
2020-09-28 06:13:12 +0000  copying file ./Payload/eCabinet1.0.app/LaunchScreen.storyboardc/Info.plist ... 
2020-09-28 06:13:12 +0000  258 bytes for ./Payload/eCabinet1.0.app/LaunchScreen.storyboardc/Info.plist
2020-09-28 06:13:12 +0000  copying file ./Payload/eCabinet1.0.app/AlertStoryboard.storyboardc/mts-a1-BwX-view-h7q-OF-1Qd.nib ... 
2020-09-28 06:13:12 +0000  5362 bytes for ./Payload/eCabinet1.0.app/AlertStoryboard.storyboardc/mts-a1-BwX-view-h7q-OF-1Qd.nib
2020-09-28 06:13:12 +0000  copying file ./Payload/eCabinet1.0.app/AlertStoryboard.storyboardc/AlertVC.nib ... 
2020-09-28 06:13:12 +0000  1075 bytes for ./Payload/eCabinet1.0.app/AlertStoryboard.storyboardc/AlertVC.nib
copying file ./Payload/eCabinet1.0.app/AlertStoryboard.storyboardc/Info.plist ... 
2020-09-28 06:13:12 +0000  183 bytes for ./Payload/eCabinet1.0.app/AlertStoryboard.storyboardc/Info.plist
copying file ./Payload/eCabinet1.0.app/CustomCabinetDecisionTableCell.nib ... 
2020-09-28 06:13:12 +0000  5671 bytes for ./Payload/eCabinet1.0.app/CustomCabinetDecisionTableCell.nib
2020-09-28 06:13:12 +0000  copying file ./Payload/eCabinet1.0.app/MemoAttachments.storyboardc/ilY-Fp-NME-view-aY0-Bt-3XM.nib ... 
2020-09-28 06:13:12 +0000  6081 bytes for ./Payload/eCabinet1.0.app/MemoAttachments.storyboardc/ilY-Fp-NME-view-aY0-Bt-3XM.nib
2020-09-28 06:13:12 +0000  copying file ./Payload/eCabinet1.0.app/MemoAttachments.storyboardc/MemoAttachmentsController.nib ... 
2020-09-28 06:13:12 +0000  1045 bytes for ./Payload/eCabinet1.0.app/MemoAttachments.storyboardc/MemoAttachmentsController.nib
copying file ./Payload/eCabinet1.0.app/MemoAttachments.storyboardc/Info.plist ... 
2020-09-28 06:13:12 +0000  175 bytes for ./Payload/eCabinet1.0.app/MemoAttachments.storyboardc/Info.plist
copying file ./Payload/eCabinet1.0.app/embedded.mobileprovision ... 
2020-09-28 06:13:12 +0000  11644 bytes for ./Payload/eCabinet1.0.app/embedded.mobileprovision
2020-09-28 06:13:12 +0000  copying file ./Payload/eCabinet1.0.app/CollectionViewCell.nib ... 
2020-09-28 06:13:12 +0000  5130 bytes for ./Payload/eCabinet1.0.app/CollectionViewCell.nib
2020-09-28 06:13:12 +0000  copying file ./Payload/eCabinet1.0.app/Poppins-SemiBold.ttf ... 
2020-09-28 06:13:12 +0000  155192 bytes for ./Payload/eCabinet1.0.app/Poppins-SemiBold.ttf
copying file ./Payload/eCabinet1.0.app/Info.plist ... 
2020-09-28 06:13:12 +0000  1204 bytes for ./Payload/eCabinet1.0.app/Info.plist
copying file ./Payload/eCabinet1.0.app/PkgInfo ... 
8 bytes for ./Payload/eCabinet1.0.app/PkgInfo
copying file ./Payload/eCabinet1.0.app/Login.storyboardc/nzB-o6-5jC-view-Jjh-hx-0L5.nib ... 
8640 bytes for ./Payload/eCabinet1.0.app/Login.storyboardc/nzB-o6-5jC-view-Jjh-hx-0L5.nib
copying file ./Payload/eCabinet1.0.app/Login.storyboardc/LoginViewController.nib ... 
1033 bytes for ./Payload/eCabinet1.0.app/Login.storyboardc/LoginViewController.nib
copying file ./Payload/eCabinet1.0.app/Login.storyboardc/Info.plist ... 
163 bytes for ./Payload/eCabinet1.0.app/Login.storyboardc/Info.plist
copying file ./Payload/eCabinet1.0.app/CabinetHistoryTableViewCell.nib ... 
5931 bytes for ./Payload/eCabinet1.0.app/CabinetHistoryTableViewCell.nib
2020-09-28 06:13:12 +0000  /usr/bin/ditto exited with 0
2020-09-28 06:13:12 +0000  Processing step: IDEDistributionAppStoreInformationStep
2020-09-28 06:13:12 +0000  Skipping step: IDEDistributionAppStoreInformationStep because it said so
2020-09-28 06:13:12 +0000  Processing step: IDEDistributionGenerateProcessedDistributionItems
2020-09-28 06:13:12 +0000  Processing step: IDEDistributionCreateManifestStep
2020-09-28 06:13:12 +0000  Skipping step: IDEDistributionCreateManifestStep because it said so
